<?xml version="1.0" encoding="UTF-8"?>
<testsuite xmlns:xsi="http://www.w3.org/2001/XMLSchema-instance" xsi:noNamespaceSchemaLocation="https://maven.apache.org/surefire/maven-surefire-plugin/xsd/surefire-test-report-3.0.xsd" version="3.0" name="org.skidbladnir.contracts.ContractTests" time="3.946" tests="30" errors="0" skipped="0" failures="30">
  <properties>
    <property name="java.specification.version" value="21"/>
    <property name="sun.jnu.encoding" value="UTF-8"/>
    <property name="java.class.path" value="/home/emumford/NativeLinuxProjects/Skidbladnir/tests/api-integration/target/test-classes:/home/emumford/NativeLinuxProjects/Skidbladnir/tests/api-integration/target/classes:/home/emumford/.m2/repository/com/intuit/karate/karate-junit5/1.4.1/karate-junit5-1.4.1.jar:/home/emumford/.m2/repository/com/intuit/karate/karate-core/1.4.1/karate-core-1.4.1.jar:/home/emumford/.m2/repository/org/graalvm/js/js-scriptengine/22.3.3/js-scriptengine-22.3.3.jar:/home/emumford/.m2/repository/org/graalvm/sdk/graal-sdk/22.3.3/graal-sdk-22.3.3.jar:/home/emumford/.m2/repository/org/graalvm/js/js/22.3.3/js-22.3.3.jar:/home/emumford/.m2/repository/org/graalvm/regex/regex/22.3.3/regex-22.3.3.jar:/home/emumford/.m2/repository/org/graalvm/truffle/truffle-api/22.3.3/truffle-api-22.3.3.jar:/home/emumford/.m2/repository/com/ibm/icu/icu4j/71.1/icu4j-71.1.jar:/home/emumford/.m2/repository/org/thymeleaf/thymeleaf/3.1.2.RELEASE/thymeleaf-3.1.2.RELEASE.jar:/home/emumford/.m2/repository/ognl/ognl/3.3.4/ognl-3.3.4.jar:/home/emumford/.m2/repository/org/javassist/javassist/3.29.0-GA/javassist-3.29.0-GA.jar:/home/emumford/.m2/repository/org/attoparser/attoparser/2.0.7.RELEASE/attoparser-2.0.7.RELEASE.jar:/home/emumford/.m2/repository/org/unbescape/unbescape/1.1.6.RELEASE/unbescape-1.1.6.RELEASE.jar:/home/emumford/.m2/repository/com/linecorp/armeria/armeria/1.25.2/armeria-1.25.2.jar:/home/emumford/.m2/repository/com/fasterxml/jackson/datatype/jackson-datatype-jdk8/2.15.2/jackson-datatype-jdk8-2.15.2.jar:/home/emumford/.m2/repository/io/micrometer/micrometer-core/1.11.3/micrometer-core-1.11.3.jar:/home/emumford/.m2/repository/io/micrometer/micrometer-commons/1.11.3/micrometer-commons-1.11.3.jar:/home/emumford/.m2/repository/io/micrometer/micrometer-observation/1.11.3/micrometer-observation-1.11.3.jar:/home/emumford/.m2/repository/org/hdrhistogram/HdrHistogram/2.1.12/HdrHistogram-2.1.12.jar:/home/emumford/.m2/repository/org/latencyutils/LatencyUtils/2.0.3/LatencyUtils-2.0.3.jar:/home/emumford/.m2/repository/io/netty/netty-transport/4.1.96.Final/netty-transport-4.1.96.Final.jar:/home/emumford/.m2/repository/io/netty/netty-common/4.1.96.Final/netty-common-4.1.96.Final.jar:/home/emumford/.m2/repository/io/netty/netty-buffer/4.1.96.Final/netty-buffer-4.1.96.Final.jar:/home/emumford/.m2/repository/io/netty/netty-resolver/4.1.96.Final/netty-resolver-4.1.96.Final.jar:/home/emumford/.m2/repository/io/netty/netty-codec-haproxy/4.1.96.Final/netty-codec-haproxy-4.1.96.Final.jar:/home/emumford/.m2/repository/io/netty/netty-codec/4.1.96.Final/netty-codec-4.1.96.Final.jar:/home/emumford/.m2/repository/io/netty/netty-codec-http2/4.1.96.Final/netty-codec-http2-4.1.96.Final.jar:/home/emumford/.m2/repository/io/netty/netty-handler/4.1.96.Final/netty-handler-4.1.96.Final.jar:/home/emumford/.m2/repository/io/netty/netty-codec-http/4.1.96.Final/netty-codec-http-4.1.96.Final.jar:/home/emumford/.m2/repository/io/netty/netty-resolver-dns/4.1.96.Final/netty-resolver-dns-4.1.96.Final.jar:/home/emumford/.m2/repository/io/netty/netty-codec-dns/4.1.96.Final/netty-codec-dns-4.1.96.Final.jar:/home/emumford/.m2/repository/org/reactivestreams/reactive-streams/1.0.4/reactive-streams-1.0.4.jar:/home/emumford/.m2/repository/com/google/code/findbugs/jsr305/3.0.2/jsr305-3.0.2.jar:/home/emumford/.m2/repository/io/netty/netty-handler-proxy/4.1.96.Final/netty-handler-proxy-4.1.96.Final.jar:/home/emumford/.m2/repository/io/netty/netty-codec-socks/4.1.96.Final/netty-codec-socks-4.1.96.Final.jar:/home/emumford/.m2/repository/io/netty/netty-transport-native-unix-common/4.1.96.Final/netty-transport-native-unix-common-4.1.96.Final-linux-x86_64.jar:/home/emumford/.m2/repository/io/netty/netty-transport-native-epoll/4.1.96.Final/netty-transport-native-epoll-4.1.96.Final-linux-x86_64.jar:/home/emumford/.m2/repository/io/netty/netty-transport-native-unix-common/4.1.96.Final/netty-transport-native-unix-common-4.1.96.Final.jar:/home/emumford/.m2/repository/io/netty/netty-transport-classes-epoll/4.1.96.Final/netty-transport-classes-epoll-4.1.96.Final.jar:/home/emumford/.m2/repository/io/netty/netty-transport-native-unix-common/4.1.96.Final/netty-transport-native-unix-common-4.1.96.Final-linux-aarch_64.jar:/home/emumford/.m2/repository/io/netty/netty-transport-native-epoll/4.1.96.Final/netty-transport-native-epoll-4.1.96.Final-linux-aarch_64.jar:/home/emumford/.m2/repository/io/netty/netty-transport-native-unix-common/4.1.96.Final/netty-transport-native-unix-common-4.1.96.Final-osx-x86_64.jar:/home/emumford/.m2/repository/io/netty/netty-transport-native-kqueue/4.1.96.Final/netty-transport-native-kqueue-4.1.96.Final-osx-x86_64.jar:/home/emumford/.m2/repository/io/netty/netty-transport-classes-kqueue/4.1.96.Final/netty-transport-classes-kqueue-4.1.96.Final.jar:/home/emumford/.m2/repository/io/netty/netty-resolver-dns-native-macos/4.1.96.Final/netty-resolver-dns-native-macos-4.1.96.Final-osx-x86_64.jar:/home/emumford/.m2/repository/io/netty/netty-resolver-dns-classes-macos/4.1.96.Final/netty-resolver-dns-classes-macos-4.1.96.Final.jar:/home/emumford/.m2/repository/io/netty/netty-transport-native-unix-common/4.1.96.Final/netty-transport-native-unix-common-4.1.96.Final-osx-aarch_64.jar:/home/emumford/.m2/repository/io/netty/netty-transport-native-kqueue/4.1.96.Final/netty-transport-native-kqueue-4.1.96.Final-osx-aarch_64.jar:/home/emumford/.m2/repository/io/netty/netty-resolver-dns-native-macos/4.1.96.Final/netty-resolver-dns-native-macos-4.1.96.Final-osx-aarch_64.jar:/home/emumford/.m2/repository/io/netty/netty-tcnative-boringssl-static/2.0.61.Final/netty-tcnative-boringssl-static-2.0.61.Final-linux-x86_64.jar:/home/emumford/.m2/repository/io/netty/netty-tcnative-classes/2.0.61.Final/netty-tcnative-classes-2.0.61.Final.jar:/home/emumford/.m2/repository/io/netty/netty-tcnative-boringssl-static/2.0.61.Final/netty-tcnative-boringssl-static-2.0.61.Final-linux-aarch_64.jar:/home/emumford/.m2/repository/io/netty/netty-tcnative-boringssl-static/2.0.61.Final/netty-tcnative-boringssl-static-2.0.61.Final-osx-x86_64.jar:/home/emumford/.m2/repository/io/netty/netty-tcnative-boringssl-static/2.0.61.Final/netty-tcnative-boringssl-static-2.0.61.Final-osx-aarch_64.jar:/home/emumford/.m2/repository/io/netty/netty-tcnative-boringssl-static/2.0.61.Final/netty-tcnative-boringssl-static-2.0.61.Final-windows-x86_64.jar:/home/emumford/.m2/repository/com/aayushatharva/brotli4j/brotli4j/1.12.0/brotli4j-1.12.0.jar:/home/emumford/.m2/repository/com/aayushatharva/brotli4j/service/1.12.0/service-1.12.0.jar:/home/emumford/.m2/repository/com/aayushatharva/brotli4j/native-linux-x86_64/1.12.0/native-linux-x86_64-1.12.0.jar:/home/emumford/.m2/repository/org/apache/httpcomponents/httpclient/4.5.14/httpclient-4.5.14.jar:/home/emumford/.m2/repository/org/apache/httpcomponents/httpcore/4.4.16/httpcore-4.4.16.jar:/home/emumford/.m2/repository/commons-codec/commons-codec/1.16.0/commons-codec-1.16.0.jar:/home/emumford/.m2/repository/ch/qos/logback/logback-classic/1.4.11/logback-classic-1.4.11.jar:/home/emumford/.m2/repository/ch/qos/logback/logback-core/1.4.11/logback-core-1.4.11.jar:/home/emumford/.m2/repository/org/slf4j/jcl-over-slf4j/2.0.9/jcl-over-slf4j-2.0.9.jar:/home/emumford/.m2/repository/org/antlr/antlr4-runtime/4.11.1/antlr4-runtime-4.11.1.jar:/home/emumford/.m2/repository/com/jayway/jsonpath/json-path/2.8.0/json-path-2.8.0.jar:/home/emumford/.m2/repository/net/minidev/json-smart/2.4.10/json-smart-2.4.10.jar:/home/emumford/.m2/repository/net/minidev/accessors-smart/2.4.9/accessors-smart-2.4.9.jar:/home/emumford/.m2/repository/org/ow2/asm/asm/9.3/asm-9.3.jar:/home/emumford/.m2/repository/org/yaml/snakeyaml/2.0/snakeyaml-2.0.jar:/home/emumford/.m2/repository/de/siegmar/fastcsv/2.2.1/fastcsv-2.2.1.jar:/home/emumford/.m2/repository/info/picocli/picocli/4.7.1/picocli-4.7.1.jar:/home/emumford/.m2/repository/io/github/classgraph/classgraph/4.8.160/classgraph-4.8.160.jar:/home/emumford/.m2/repository/io/github/t12y/resemble/1.0.2/resemble-1.0.2.jar:/home/emumford/.m2/repository/io/github/t12y/ssim/1.0.0/ssim-1.0.0.jar:/home/emumford/.m2/repository/org/junit/jupiter/junit-jupiter-api/5.8.2/junit-jupiter-api-5.8.2.jar:/home/emumford/.m2/repository/org/opentest4j/opentest4j/1.2.0/opentest4j-1.2.0.jar:/home/emumford/.m2/repository/org/junit/platform/junit-platform-commons/1.8.2/junit-platform-commons-1.8.2.jar:/home/emumford/.m2/repository/org/apiguardian/apiguardian-api/1.1.2/apiguardian-api-1.1.2.jar:/home/emumford/.m2/repository/org/junit/jupiter/junit-jupiter-engine/5.8.2/junit-jupiter-engine-5.8.2.jar:/home/emumford/.m2/repository/org/junit/platform/junit-platform-engine/1.8.2/junit-platform-engine-1.8.2.jar:/home/emumford/.m2/repository/net/masterthought/cucumber-reporting/5.7.5/cucumber-reporting-5.7.5.jar:/home/emumford/.m2/repository/com/fasterxml/jackson/core/jackson-databind/2.13.2.2/jackson-databind-2.13.2.2.jar:/home/emumford/.m2/repository/com/fasterxml/jackson/core/jackson-annotations/2.13.2/jackson-annotations-2.13.2.jar:/home/emumford/.m2/repository/com/fasterxml/jackson/core/jackson-core/2.13.2/jackson-core-2.13.2.jar:/home/emumford/.m2/repository/com/fasterxml/jackson/datatype/jackson-datatype-jsr310/2.13.2/jackson-datatype-jsr310-2.13.2.jar:/home/emumford/.m2/repository/org/apache/velocity/velocity-engine-core/2.3/velocity-engine-core-2.3.jar:/home/emumford/.m2/repository/org/slf4j/slf4j-api/1.7.30/slf4j-api-1.7.30.jar:/home/emumford/.m2/repository/org/apache/commons/commons-collections4/4.4/commons-collections4-4.4.jar:/home/emumford/.m2/repository/joda-time/joda-time/2.12.2/joda-time-2.12.2.jar:/home/emumford/.m2/repository/org/apache/commons/commons-lang3/3.12.0/commons-lang3-3.12.0.jar:/home/emumford/.m2/repository/commons-io/commons-io/2.7/commons-io-2.7.jar:/home/emumford/.m2/repository/org/codehaus/plexus/plexus-utils/3.5.0/plexus-utils-3.5.0.jar:/home/emumford/.m2/repository/org/jsoup/jsoup/1.15.4/jsoup-1.15.4.jar:/home/emumford/.m2/repository/com/googlecode/owasp-java-html-sanitizer/owasp-java-html-sanitizer/20220608.1/owasp-java-html-sanitizer-20220608.1.jar:/home/emumford/.m2/repository/com/google/guava/guava/30.1-jre/guava-30.1-jre.jar:/home/emumford/.m2/repository/com/google/guava/failureaccess/1.0.1/failureaccess-1.0.1.jar:/home/emumford/.m2/repository/com/google/guava/listenablefuture/9999.0-empty-to-avoid-conflict-with-guava/listenablefuture-9999.0-empty-to-avoid-conflict-with-guava.jar:/home/emumford/.m2/repository/org/checkerframework/checker-qual/3.5.0/checker-qual-3.5.0.jar:/home/emumford/.m2/repository/com/google/errorprone/error_prone_annotations/2.3.4/error_prone_annotations-2.3.4.jar:/home/emumford/.m2/repository/com/google/j2objc/j2objc-annotations/1.3/j2objc-annotations-1.3.jar:/home/emumford/.m2/repository/commons-configuration/commons-configuration/1.10/commons-configuration-1.10.jar:/home/emumford/.m2/repository/commons-lang/commons-lang/2.6/commons-lang-2.6.jar:/home/emumford/.m2/repository/commons-logging/commons-logging/1.1.1/commons-logging-1.1.1.jar:/home/emumford/.m2/repository/com/intuit/karate/karate-gatling/1.4.1/karate-gatling-1.4.1.jar:/home/emumford/.m2/repository/io/gatling/highcharts/gatling-charts-highcharts/3.9.5/gatling-charts-highcharts-3.9.5.jar:/home/emumford/.m2/repository/io/gatling/gatling-app/3.9.5/gatling-app-3.9.5.jar:/home/emumford/.m2/repository/io/gatling/gatling-core/3.9.5/gatling-core-3.9.5.jar:/home/emumford/.m2/repository/io/gatling/gatling-netty-util/3.9.5/gatling-netty-util-3.9.5.jar:/home/emumford/.m2/repository/io/gatling/gatling-jdk-util/3.9.5/gatling-jdk-util-3.9.5.jar:/home/emumford/.m2/repository/io/netty/incubator/netty-incubator-transport-native-io_uring/0.0.21.Final/netty-incubator-transport-native-io_uring-0.0.21.Final-linux-x86_64.jar:/home/emumford/.m2/repository/io/netty/incubator/netty-incubator-transport-classes-io_uring/0.0.21.Final/netty-incubator-transport-classes-io_uring-0.0.21.Final.jar:/home/emumford/.m2/repository/io/netty/incubator/netty-incubator-transport-native-io_uring/0.0.21.Final/netty-incubator-transport-native-io_uring-0.0.21.Final-linux-aarch_64.jar:/home/emumford/.m2/repository/io/gatling/gatling-commons/3.9.5/gatling-commons-3.9.5.jar:/home/emumford/.m2/repository/io/gatling/gatling-commons-shared/3.9.5/gatling-commons-shared-3.9.5.jar:/home/emumford/.m2/repository/org/scala-lang/scala-reflect/2.13.10/scala-reflect-2.13.10.jar:/home/emumford/.m2/repository/io/suzaku/boopickle_2.13/1.3.3/boopickle_2.13-1.3.3.jar:/home/emumford/.m2/repository/io/gatling/gatling-commons-shared-unstable/3.9.5/gatling-commons-shared-unstable-3.9.5.jar:/home/emumford/.m2/repository/org/typelevel/spire-macros_2.13/0.17.0/spire-macros_2.13-0.17.0.jar:/home/emumford/.m2/repository/com/typesafe/scala-logging/scala-logging_2.13/3.9.5/scala-logging_2.13-3.9.5.jar:/home/emumford/.m2/repository/io/gatling/gatling-jsonpath/3.9.5/gatling-jsonpath-3.9.5.jar:/home/emumford/.m2/repository/com/typesafe/akka/akka-slf4j_2.13/2.6.20/akka-slf4j_2.13-2.6.20.jar:/home/emumford/.m2/repository/org/simpleflatmapper/lightning-csv/8.2.3/lightning-csv-8.2.3.jar:/home/emumford/.m2/repository/org/simpleflatmapper/sfm-util/8.2.3/sfm-util-8.2.3.jar:/home/emumford/.m2/repository/com/github/ben-manes/caffeine/caffeine/2.9.3/caffeine-2.9.3.jar:/home/emumford/.m2/repository/io/pebbletemplates/pebble/3.2.1/pebble-3.2.1.jar:/home/emumford/.m2/repository/org/scala-lang/modules/scala-parser-combinators_2.13/2.3.0/scala-parser-combinators_2.13-2.3.0.jar:/home/emumford/.m2/repository/com/github/scopt/scopt_2.13/3.7.1/scopt_2.13-3.7.1.jar:/home/emumford/.m2/repository/com/softwaremill/quicklens/quicklens_2.13/1.9.3/quicklens_2.13-1.9.3.jar:/home/emumford/.m2/repository/net/sf/saxon/Saxon-HE/10.6/Saxon-HE-10.6.jar:/home/emumford/.m2/repository/org/jodd/jodd-lagarto/6.0.6/jodd-lagarto-6.0.6.jar:/home/emumford/.m2/repository/org/jodd/jodd-util/6.1.0/jodd-util-6.1.0.jar:/home/emumford/.m2/repository/io/burt/jmespath-jackson/0.5.1/jmespath-jackson-0.5.1.jar:/home/emumford/.m2/repository/io/burt/jmespath-core/0.5.1/jmespath-core-0.5.1.jar:/home/emumford/.m2/repository/io/gatling/gatling-core-java/3.9.5/gatling-core-java-3.9.5.jar:/home/emumford/.m2/repository/net/jodah/typetools/0.6.3/typetools-0.6.3.jar:/home/emumford/.m2/repository/io/gatling/gatling-http/3.9.5/gatling-http-3.9.5.jar:/home/emumford/.m2/repository/io/gatling/gatling-http-client/3.9.5/gatling-http-client-3.9.5.jar:/home/emumford/.m2/repository/io/netty/netty-tcnative-boringssl-static/2.0.61.Final/netty-tcnative-boringssl-static-2.0.61.Final.jar:/home/emumford/.m2/repository/com/aayushatharva/brotli4j/native-linux-aarch64/1.11.0/native-linux-aarch64-1.11.0.jar:/home/emumford/.m2/repository/com/aayushatharva/brotli4j/native-osx-x86_64/1.11.0/native-osx-x86_64-1.11.0.jar:/home/emumford/.m2/repository/com/aayushatharva/brotli4j/native-osx-aarch64/1.11.0/native-osx-aarch64-1.11.0.jar:/home/emumford/.m2/repository/com/aayushatharva/brotli4j/native-windows-x86_64/1.11.0/native-windows-x86_64-1.11.0.jar:/home/emumford/.m2/repository/io/gatling/gatling-http-java/3.9.5/gatling-http-java-3.9.5.jar:/home/emumford/.m2/repository/io/gatling/gatling-jms/3.9.5/gatling-jms-3.9.5.jar:/home/emumford/.m2/repository/javax/jms/javax.jms-api/2.0.1/javax.jms-api-2.0.1.jar:/home/emumford/.m2/repository/com/eatthepath/fast-uuid/0.2.0/fast-uuid-0.2.0.jar:/home/emumford/.m2/repository/io/gatling/gatling-jms-java/3.9.5/gatling-jms-java-3.9.5.jar:/home/emumford/.m2/repository/io/gatling/gatling-mqtt/3.9.5/gatling-mqtt-3.9.5.jar:/home/emumford/.m2/repository/io/netty/netty-codec-mqtt/4.1.92.Final/netty-codec-mqtt-4.1.92.Final.jar:/home/emumford/.m2/repository/io/gatling/gatling-mqtt-java/3.9.5/gatling-mqtt-java-3.9.5.jar:/home/emumford/.m2/repository/io/gatling/gatling-jdbc/3.9.5/gatling-jdbc-3.9.5.jar:/home/emumford/.m2/repository/io/gatling/gatling-jdbc-java/3.9.5/gatling-jdbc-java-3.9.5.jar:/home/emumford/.m2/repository/io/gatling/gatling-redis/3.9.5/gatling-redis-3.9.5.jar:/home/emumford/.m2/repository/net/debasishg/redisclient_2.13/3.42/redisclient_2.13-3.42.jar:/home/emumford/.m2/repository/org/apache/commons/commons-pool2/2.8.0/commons-pool2-2.8.0.jar:/home/emumford/.m2/repository/io/gatling/gatling-redis-java/3.9.5/gatling-redis-java-3.9.5.jar:/home/emumford/.m2/repository/io/gatling/gatling-graphite/3.9.5/gatling-graphite-3.9.5.jar:/home/emumford/.m2/repository/io/gatling/gatling-charts/3.9.5/gatling-charts-3.9.5.jar:/home/emumford/.m2/repository/com/tdunning/t-digest/3.1/t-digest-3.1.jar:/home/emumford/.m2/repository/io/gatling/gatling-recorder/3.9.5/gatling-recorder-3.9.5.jar:/home/emumford/.m2/repository/org/scala-lang/modules/scala-swing_2.13/3.0.0/scala-swing_2.13-3.0.0.jar:/home/emumford/.m2/repository/io/gatling/gatling-recorder-bc-shaded/1.73/gatling-recorder-bc-shaded-1.73.jar:/home/emumford/.m2/repository/com/typesafe/akka/akka-actor_2.13/2.6.20/akka-actor_2.13-2.6.20.jar:/home/emumford/.m2/repository/com/typesafe/config/1.4.2/config-1.4.2.jar:/home/emumford/.m2/repository/org/scala-lang/modules/scala-java8-compat_2.13/1.0.0/scala-java8-compat_2.13-1.0.0.jar:/home/emumford/.m2/repository/org/scala-lang/scala-library/2.13.9/scala-library-2.13.9.jar:"/>
    <property name="java.vm.vendor" value="Ubuntu"/>
    <property name="sun.arch.data.model" value="64"/>
    <property name="java.vendor.url" value="https://ubuntu.com/"/>
    <property name="user.timezone" value="America/New_York"/>
    <property name="os.name" value="Linux"/>
    <property name="java.vm.specification.version" value="21"/>
    <property name="sun.java.launcher" value="SUN_STANDARD"/>
    <property name="sun.boot.library.path" value="/usr/lib/jvm/java-21-openjdk-amd64/lib"/>
    <property name="sun.java.command" value="/home/emumford/NativeLinuxProjects/Skidbladnir/tests/api-integration/target/surefire/surefirebooter15889785952218343108.jar /home/emumford/NativeLinuxProjects/Skidbladnir/tests/api-integration/target/surefire 2025-04-10T12-11-11_390-jvmRun1 surefire9155221158435143897tmp surefire_014146092658472600105tmp"/>
    <property name="jdk.debug" value="release"/>
    <property name="test" value="org.skidbladnir.contracts.ContractTests#testProviderErrorHandling"/>
    <property name="surefire.test.class.path" value="/home/emumford/NativeLinuxProjects/Skidbladnir/tests/api-integration/target/test-classes:/home/emumford/NativeLinuxProjects/Skidbladnir/tests/api-integration/target/classes:/home/emumford/.m2/repository/com/intuit/karate/karate-junit5/1.4.1/karate-junit5-1.4.1.jar:/home/emumford/.m2/repository/com/intuit/karate/karate-core/1.4.1/karate-core-1.4.1.jar:/home/emumford/.m2/repository/org/graalvm/js/js-scriptengine/22.3.3/js-scriptengine-22.3.3.jar:/home/emumford/.m2/repository/org/graalvm/sdk/graal-sdk/22.3.3/graal-sdk-22.3.3.jar:/home/emumford/.m2/repository/org/graalvm/js/js/22.3.3/js-22.3.3.jar:/home/emumford/.m2/repository/org/graalvm/regex/regex/22.3.3/regex-22.3.3.jar:/home/emumford/.m2/repository/org/graalvm/truffle/truffle-api/22.3.3/truffle-api-22.3.3.jar:/home/emumford/.m2/repository/com/ibm/icu/icu4j/71.1/icu4j-71.1.jar:/home/emumford/.m2/repository/org/thymeleaf/thymeleaf/3.1.2.RELEASE/thymeleaf-3.1.2.RELEASE.jar:/home/emumford/.m2/repository/ognl/ognl/3.3.4/ognl-3.3.4.jar:/home/emumford/.m2/repository/org/javassist/javassist/3.29.0-GA/javassist-3.29.0-GA.jar:/home/emumford/.m2/repository/org/attoparser/attoparser/2.0.7.RELEASE/attoparser-2.0.7.RELEASE.jar:/home/emumford/.m2/repository/org/unbescape/unbescape/1.1.6.RELEASE/unbescape-1.1.6.RELEASE.jar:/home/emumford/.m2/repository/com/linecorp/armeria/armeria/1.25.2/armeria-1.25.2.jar:/home/emumford/.m2/repository/com/fasterxml/jackson/datatype/jackson-datatype-jdk8/2.15.2/jackson-datatype-jdk8-2.15.2.jar:/home/emumford/.m2/repository/io/micrometer/micrometer-core/1.11.3/micrometer-core-1.11.3.jar:/home/emumford/.m2/repository/io/micrometer/micrometer-commons/1.11.3/micrometer-commons-1.11.3.jar:/home/emumford/.m2/repository/io/micrometer/micrometer-observation/1.11.3/micrometer-observation-1.11.3.jar:/home/emumford/.m2/repository/org/hdrhistogram/HdrHistogram/2.1.12/HdrHistogram-2.1.12.jar:/home/emumford/.m2/repository/org/latencyutils/LatencyUtils/2.0.3/LatencyUtils-2.0.3.jar:/home/emumford/.m2/repository/io/netty/netty-transport/4.1.96.Final/netty-transport-4.1.96.Final.jar:/home/emumford/.m2/repository/io/netty/netty-common/4.1.96.Final/netty-common-4.1.96.Final.jar:/home/emumford/.m2/repository/io/netty/netty-buffer/4.1.96.Final/netty-buffer-4.1.96.Final.jar:/home/emumford/.m2/repository/io/netty/netty-resolver/4.1.96.Final/netty-resolver-4.1.96.Final.jar:/home/emumford/.m2/repository/io/netty/netty-codec-haproxy/4.1.96.Final/netty-codec-haproxy-4.1.96.Final.jar:/home/emumford/.m2/repository/io/netty/netty-codec/4.1.96.Final/netty-codec-4.1.96.Final.jar:/home/emumford/.m2/repository/io/netty/netty-codec-http2/4.1.96.Final/netty-codec-http2-4.1.96.Final.jar:/home/emumford/.m2/repository/io/netty/netty-handler/4.1.96.Final/netty-handler-4.1.96.Final.jar:/home/emumford/.m2/repository/io/netty/netty-codec-http/4.1.96.Final/netty-codec-http-4.1.96.Final.jar:/home/emumford/.m2/repository/io/netty/netty-resolver-dns/4.1.96.Final/netty-resolver-dns-4.1.96.Final.jar:/home/emumford/.m2/repository/io/netty/netty-codec-dns/4.1.96.Final/netty-codec-dns-4.1.96.Final.jar:/home/emumford/.m2/repository/org/reactivestreams/reactive-streams/1.0.4/reactive-streams-1.0.4.jar:/home/emumford/.m2/repository/com/google/code/findbugs/jsr305/3.0.2/jsr305-3.0.2.jar:/home/emumford/.m2/repository/io/netty/netty-handler-proxy/4.1.96.Final/netty-handler-proxy-4.1.96.Final.jar:/home/emumford/.m2/repository/io/netty/netty-codec-socks/4.1.96.Final/netty-codec-socks-4.1.96.Final.jar:/home/emumford/.m2/repository/io/netty/netty-transport-native-unix-common/4.1.96.Final/netty-transport-native-unix-common-4.1.96.Final-linux-x86_64.jar:/home/emumford/.m2/repository/io/netty/netty-transport-native-epoll/4.1.96.Final/netty-transport-native-epoll-4.1.96.Final-linux-x86_64.jar:/home/emumford/.m2/repository/io/netty/netty-transport-native-unix-common/4.1.96.Final/netty-transport-native-unix-common-4.1.96.Final.jar:/home/emumford/.m2/repository/io/netty/netty-transport-classes-epoll/4.1.96.Final/netty-transport-classes-epoll-4.1.96.Final.jar:/home/emumford/.m2/repository/io/netty/netty-transport-native-unix-common/4.1.96.Final/netty-transport-native-unix-common-4.1.96.Final-linux-aarch_64.jar:/home/emumford/.m2/repository/io/netty/netty-transport-native-epoll/4.1.96.Final/netty-transport-native-epoll-4.1.96.Final-linux-aarch_64.jar:/home/emumford/.m2/repository/io/netty/netty-transport-native-unix-common/4.1.96.Final/netty-transport-native-unix-common-4.1.96.Final-osx-x86_64.jar:/home/emumford/.m2/repository/io/netty/netty-transport-native-kqueue/4.1.96.Final/netty-transport-native-kqueue-4.1.96.Final-osx-x86_64.jar:/home/emumford/.m2/repository/io/netty/netty-transport-classes-kqueue/4.1.96.Final/netty-transport-classes-kqueue-4.1.96.Final.jar:/home/emumford/.m2/repository/io/netty/netty-resolver-dns-native-macos/4.1.96.Final/netty-resolver-dns-native-macos-4.1.96.Final-osx-x86_64.jar:/home/emumford/.m2/repository/io/netty/netty-resolver-dns-classes-macos/4.1.96.Final/netty-resolver-dns-classes-macos-4.1.96.Final.jar:/home/emumford/.m2/repository/io/netty/netty-transport-native-unix-common/4.1.96.Final/netty-transport-native-unix-common-4.1.96.Final-osx-aarch_64.jar:/home/emumford/.m2/repository/io/netty/netty-transport-native-kqueue/4.1.96.Final/netty-transport-native-kqueue-4.1.96.Final-osx-aarch_64.jar:/home/emumford/.m2/repository/io/netty/netty-resolver-dns-native-macos/4.1.96.Final/netty-resolver-dns-native-macos-4.1.96.Final-osx-aarch_64.jar:/home/emumford/.m2/repository/io/netty/netty-tcnative-boringssl-static/2.0.61.Final/netty-tcnative-boringssl-static-2.0.61.Final-linux-x86_64.jar:/home/emumford/.m2/repository/io/netty/netty-tcnative-classes/2.0.61.Final/netty-tcnative-classes-2.0.61.Final.jar:/home/emumford/.m2/repository/io/netty/netty-tcnative-boringssl-static/2.0.61.Final/netty-tcnative-boringssl-static-2.0.61.Final-linux-aarch_64.jar:/home/emumford/.m2/repository/io/netty/netty-tcnative-boringssl-static/2.0.61.Final/netty-tcnative-boringssl-static-2.0.61.Final-osx-x86_64.jar:/home/emumford/.m2/repository/io/netty/netty-tcnative-boringssl-static/2.0.61.Final/netty-tcnative-boringssl-static-2.0.61.Final-osx-aarch_64.jar:/home/emumford/.m2/repository/io/netty/netty-tcnative-boringssl-static/2.0.61.Final/netty-tcnative-boringssl-static-2.0.61.Final-windows-x86_64.jar:/home/emumford/.m2/repository/com/aayushatharva/brotli4j/brotli4j/1.12.0/brotli4j-1.12.0.jar:/home/emumford/.m2/repository/com/aayushatharva/brotli4j/service/1.12.0/service-1.12.0.jar:/home/emumford/.m2/repository/com/aayushatharva/brotli4j/native-linux-x86_64/1.12.0/native-linux-x86_64-1.12.0.jar:/home/emumford/.m2/repository/org/apache/httpcomponents/httpclient/4.5.14/httpclient-4.5.14.jar:/home/emumford/.m2/repository/org/apache/httpcomponents/httpcore/4.4.16/httpcore-4.4.16.jar:/home/emumford/.m2/repository/commons-codec/commons-codec/1.16.0/commons-codec-1.16.0.jar:/home/emumford/.m2/repository/ch/qos/logback/logback-classic/1.4.11/logback-classic-1.4.11.jar:/home/emumford/.m2/repository/ch/qos/logback/logback-core/1.4.11/logback-core-1.4.11.jar:/home/emumford/.m2/repository/org/slf4j/jcl-over-slf4j/2.0.9/jcl-over-slf4j-2.0.9.jar:/home/emumford/.m2/repository/org/antlr/antlr4-runtime/4.11.1/antlr4-runtime-4.11.1.jar:/home/emumford/.m2/repository/com/jayway/jsonpath/json-path/2.8.0/json-path-2.8.0.jar:/home/emumford/.m2/repository/net/minidev/json-smart/2.4.10/json-smart-2.4.10.jar:/home/emumford/.m2/repository/net/minidev/accessors-smart/2.4.9/accessors-smart-2.4.9.jar:/home/emumford/.m2/repository/org/ow2/asm/asm/9.3/asm-9.3.jar:/home/emumford/.m2/repository/org/yaml/snakeyaml/2.0/snakeyaml-2.0.jar:/home/emumford/.m2/repository/de/siegmar/fastcsv/2.2.1/fastcsv-2.2.1.jar:/home/emumford/.m2/repository/info/picocli/picocli/4.7.1/picocli-4.7.1.jar:/home/emumford/.m2/repository/io/github/classgraph/classgraph/4.8.160/classgraph-4.8.160.jar:/home/emumford/.m2/repository/io/github/t12y/resemble/1.0.2/resemble-1.0.2.jar:/home/emumford/.m2/repository/io/github/t12y/ssim/1.0.0/ssim-1.0.0.jar:/home/emumford/.m2/repository/org/junit/jupiter/junit-jupiter-api/5.8.2/junit-jupiter-api-5.8.2.jar:/home/emumford/.m2/repository/org/opentest4j/opentest4j/1.2.0/opentest4j-1.2.0.jar:/home/emumford/.m2/repository/org/junit/platform/junit-platform-commons/1.8.2/junit-platform-commons-1.8.2.jar:/home/emumford/.m2/repository/org/apiguardian/apiguardian-api/1.1.2/apiguardian-api-1.1.2.jar:/home/emumford/.m2/repository/org/junit/jupiter/junit-jupiter-engine/5.8.2/junit-jupiter-engine-5.8.2.jar:/home/emumford/.m2/repository/org/junit/platform/junit-platform-engine/1.8.2/junit-platform-engine-1.8.2.jar:/home/emumford/.m2/repository/net/masterthought/cucumber-reporting/5.7.5/cucumber-reporting-5.7.5.jar:/home/emumford/.m2/repository/com/fasterxml/jackson/core/jackson-databind/2.13.2.2/jackson-databind-2.13.2.2.jar:/home/emumford/.m2/repository/com/fasterxml/jackson/core/jackson-annotations/2.13.2/jackson-annotations-2.13.2.jar:/home/emumford/.m2/repository/com/fasterxml/jackson/core/jackson-core/2.13.2/jackson-core-2.13.2.jar:/home/emumford/.m2/repository/com/fasterxml/jackson/datatype/jackson-datatype-jsr310/2.13.2/jackson-datatype-jsr310-2.13.2.jar:/home/emumford/.m2/repository/org/apache/velocity/velocity-engine-core/2.3/velocity-engine-core-2.3.jar:/home/emumford/.m2/repository/org/slf4j/slf4j-api/1.7.30/slf4j-api-1.7.30.jar:/home/emumford/.m2/repository/org/apache/commons/commons-collections4/4.4/commons-collections4-4.4.jar:/home/emumford/.m2/repository/joda-time/joda-time/2.12.2/joda-time-2.12.2.jar:/home/emumford/.m2/repository/org/apache/commons/commons-lang3/3.12.0/commons-lang3-3.12.0.jar:/home/emumford/.m2/repository/commons-io/commons-io/2.7/commons-io-2.7.jar:/home/emumford/.m2/repository/org/codehaus/plexus/plexus-utils/3.5.0/plexus-utils-3.5.0.jar:/home/emumford/.m2/repository/org/jsoup/jsoup/1.15.4/jsoup-1.15.4.jar:/home/emumford/.m2/repository/com/googlecode/owasp-java-html-sanitizer/owasp-java-html-sanitizer/20220608.1/owasp-java-html-sanitizer-20220608.1.jar:/home/emumford/.m2/repository/com/google/guava/guava/30.1-jre/guava-30.1-jre.jar:/home/emumford/.m2/repository/com/google/guava/failureaccess/1.0.1/failureaccess-1.0.1.jar:/home/emumford/.m2/repository/com/google/guava/listenablefuture/9999.0-empty-to-avoid-conflict-with-guava/listenablefuture-9999.0-empty-to-avoid-conflict-with-guava.jar:/home/emumford/.m2/repository/org/checkerframework/checker-qual/3.5.0/checker-qual-3.5.0.jar:/home/emumford/.m2/repository/com/google/errorprone/error_prone_annotations/2.3.4/error_prone_annotations-2.3.4.jar:/home/emumford/.m2/repository/com/google/j2objc/j2objc-annotations/1.3/j2objc-annotations-1.3.jar:/home/emumford/.m2/repository/commons-configuration/commons-configuration/1.10/commons-configuration-1.10.jar:/home/emumford/.m2/repository/commons-lang/commons-lang/2.6/commons-lang-2.6.jar:/home/emumford/.m2/repository/commons-logging/commons-logging/1.1.1/commons-logging-1.1.1.jar:/home/emumford/.m2/repository/com/intuit/karate/karate-gatling/1.4.1/karate-gatling-1.4.1.jar:/home/emumford/.m2/repository/io/gatling/highcharts/gatling-charts-highcharts/3.9.5/gatling-charts-highcharts-3.9.5.jar:/home/emumford/.m2/repository/io/gatling/gatling-app/3.9.5/gatling-app-3.9.5.jar:/home/emumford/.m2/repository/io/gatling/gatling-core/3.9.5/gatling-core-3.9.5.jar:/home/emumford/.m2/repository/io/gatling/gatling-netty-util/3.9.5/gatling-netty-util-3.9.5.jar:/home/emumford/.m2/repository/io/gatling/gatling-jdk-util/3.9.5/gatling-jdk-util-3.9.5.jar:/home/emumford/.m2/repository/io/netty/incubator/netty-incubator-transport-native-io_uring/0.0.21.Final/netty-incubator-transport-native-io_uring-0.0.21.Final-linux-x86_64.jar:/home/emumford/.m2/repository/io/netty/incubator/netty-incubator-transport-classes-io_uring/0.0.21.Final/netty-incubator-transport-classes-io_uring-0.0.21.Final.jar:/home/emumford/.m2/repository/io/netty/incubator/netty-incubator-transport-native-io_uring/0.0.21.Final/netty-incubator-transport-native-io_uring-0.0.21.Final-linux-aarch_64.jar:/home/emumford/.m2/repository/io/gatling/gatling-commons/3.9.5/gatling-commons-3.9.5.jar:/home/emumford/.m2/repository/io/gatling/gatling-commons-shared/3.9.5/gatling-commons-shared-3.9.5.jar:/home/emumford/.m2/repository/org/scala-lang/scala-reflect/2.13.10/scala-reflect-2.13.10.jar:/home/emumford/.m2/repository/io/suzaku/boopickle_2.13/1.3.3/boopickle_2.13-1.3.3.jar:/home/emumford/.m2/repository/io/gatling/gatling-commons-shared-unstable/3.9.5/gatling-commons-shared-unstable-3.9.5.jar:/home/emumford/.m2/repository/org/typelevel/spire-macros_2.13/0.17.0/spire-macros_2.13-0.17.0.jar:/home/emumford/.m2/repository/com/typesafe/scala-logging/scala-logging_2.13/3.9.5/scala-logging_2.13-3.9.5.jar:/home/emumford/.m2/repository/io/gatling/gatling-jsonpath/3.9.5/gatling-jsonpath-3.9.5.jar:/home/emumford/.m2/repository/com/typesafe/akka/akka-slf4j_2.13/2.6.20/akka-slf4j_2.13-2.6.20.jar:/home/emumford/.m2/repository/org/simpleflatmapper/lightning-csv/8.2.3/lightning-csv-8.2.3.jar:/home/emumford/.m2/repository/org/simpleflatmapper/sfm-util/8.2.3/sfm-util-8.2.3.jar:/home/emumford/.m2/repository/com/github/ben-manes/caffeine/caffeine/2.9.3/caffeine-2.9.3.jar:/home/emumford/.m2/repository/io/pebbletemplates/pebble/3.2.1/pebble-3.2.1.jar:/home/emumford/.m2/repository/org/scala-lang/modules/scala-parser-combinators_2.13/2.3.0/scala-parser-combinators_2.13-2.3.0.jar:/home/emumford/.m2/repository/com/github/scopt/scopt_2.13/3.7.1/scopt_2.13-3.7.1.jar:/home/emumford/.m2/repository/com/softwaremill/quicklens/quicklens_2.13/1.9.3/quicklens_2.13-1.9.3.jar:/home/emumford/.m2/repository/net/sf/saxon/Saxon-HE/10.6/Saxon-HE-10.6.jar:/home/emumford/.m2/repository/org/jodd/jodd-lagarto/6.0.6/jodd-lagarto-6.0.6.jar:/home/emumford/.m2/repository/org/jodd/jodd-util/6.1.0/jodd-util-6.1.0.jar:/home/emumford/.m2/repository/io/burt/jmespath-jackson/0.5.1/jmespath-jackson-0.5.1.jar:/home/emumford/.m2/repository/io/burt/jmespath-core/0.5.1/jmespath-core-0.5.1.jar:/home/emumford/.m2/repository/io/gatling/gatling-core-java/3.9.5/gatling-core-java-3.9.5.jar:/home/emumford/.m2/repository/net/jodah/typetools/0.6.3/typetools-0.6.3.jar:/home/emumford/.m2/repository/io/gatling/gatling-http/3.9.5/gatling-http-3.9.5.jar:/home/emumford/.m2/repository/io/gatling/gatling-http-client/3.9.5/gatling-http-client-3.9.5.jar:/home/emumford/.m2/repository/io/netty/netty-tcnative-boringssl-static/2.0.61.Final/netty-tcnative-boringssl-static-2.0.61.Final.jar:/home/emumford/.m2/repository/com/aayushatharva/brotli4j/native-linux-aarch64/1.11.0/native-linux-aarch64-1.11.0.jar:/home/emumford/.m2/repository/com/aayushatharva/brotli4j/native-osx-x86_64/1.11.0/native-osx-x86_64-1.11.0.jar:/home/emumford/.m2/repository/com/aayushatharva/brotli4j/native-osx-aarch64/1.11.0/native-osx-aarch64-1.11.0.jar:/home/emumford/.m2/repository/com/aayushatharva/brotli4j/native-windows-x86_64/1.11.0/native-windows-x86_64-1.11.0.jar:/home/emumford/.m2/repository/io/gatling/gatling-http-java/3.9.5/gatling-http-java-3.9.5.jar:/home/emumford/.m2/repository/io/gatling/gatling-jms/3.9.5/gatling-jms-3.9.5.jar:/home/emumford/.m2/repository/javax/jms/javax.jms-api/2.0.1/javax.jms-api-2.0.1.jar:/home/emumford/.m2/repository/com/eatthepath/fast-uuid/0.2.0/fast-uuid-0.2.0.jar:/home/emumford/.m2/repository/io/gatling/gatling-jms-java/3.9.5/gatling-jms-java-3.9.5.jar:/home/emumford/.m2/repository/io/gatling/gatling-mqtt/3.9.5/gatling-mqtt-3.9.5.jar:/home/emumford/.m2/repository/io/netty/netty-codec-mqtt/4.1.92.Final/netty-codec-mqtt-4.1.92.Final.jar:/home/emumford/.m2/repository/io/gatling/gatling-mqtt-java/3.9.5/gatling-mqtt-java-3.9.5.jar:/home/emumford/.m2/repository/io/gatling/gatling-jdbc/3.9.5/gatling-jdbc-3.9.5.jar:/home/emumford/.m2/repository/io/gatling/gatling-jdbc-java/3.9.5/gatling-jdbc-java-3.9.5.jar:/home/emumford/.m2/repository/io/gatling/gatling-redis/3.9.5/gatling-redis-3.9.5.jar:/home/emumford/.m2/repository/net/debasishg/redisclient_2.13/3.42/redisclient_2.13-3.42.jar:/home/emumford/.m2/repository/org/apache/commons/commons-pool2/2.8.0/commons-pool2-2.8.0.jar:/home/emumford/.m2/repository/io/gatling/gatling-redis-java/3.9.5/gatling-redis-java-3.9.5.jar:/home/emumford/.m2/repository/io/gatling/gatling-graphite/3.9.5/gatling-graphite-3.9.5.jar:/home/emumford/.m2/repository/io/gatling/gatling-charts/3.9.5/gatling-charts-3.9.5.jar:/home/emumford/.m2/repository/com/tdunning/t-digest/3.1/t-digest-3.1.jar:/home/emumford/.m2/repository/io/gatling/gatling-recorder/3.9.5/gatling-recorder-3.9.5.jar:/home/emumford/.m2/repository/org/scala-lang/modules/scala-swing_2.13/3.0.0/scala-swing_2.13-3.0.0.jar:/home/emumford/.m2/repository/io/gatling/gatling-recorder-bc-shaded/1.73/gatling-recorder-bc-shaded-1.73.jar:/home/emumford/.m2/repository/com/typesafe/akka/akka-actor_2.13/2.6.20/akka-actor_2.13-2.6.20.jar:/home/emumford/.m2/repository/com/typesafe/config/1.4.2/config-1.4.2.jar:/home/emumford/.m2/repository/org/scala-lang/modules/scala-java8-compat_2.13/1.0.0/scala-java8-compat_2.13-1.0.0.jar:/home/emumford/.m2/repository/org/scala-lang/scala-library/2.13.9/scala-library-2.13.9.jar:"/>
    <property name="sun.cpu.endian" value="little"/>
    <property name="user.home" value="/home/emumford"/>
    <property name="user.language" value="en"/>
    <property name="java.specification.vendor" value="Oracle Corporation"/>
    <property name="java.version.date" value="2025-01-21"/>
    <property name="java.home" value="/usr/lib/jvm/java-21-openjdk-amd64"/>
    <property name="file.separator" value="/"/>
    <property name="basedir" value="/home/emumford/NativeLinuxProjects/Skidbladnir/tests/api-integration"/>
    <property name="java.vm.compressedOopsMode" value="32-bit"/>
    <property name="line.separator" value="&#10;"/>
    <property name="java.vm.specification.vendor" value="Oracle Corporation"/>
    <property name="java.specification.name" value="Java Platform API Specification"/>
    <property name="surefire.real.class.path" value="/home/emumford/NativeLinuxProjects/Skidbladnir/tests/api-integration/target/surefire/surefirebooter15889785952218343108.jar"/>
    <property name="sun.management.compiler" value="HotSpot 64-Bit Tiered Compilers"/>
    <property name="java.runtime.version" value="21.0.6+7-Ubuntu-124.04.1"/>
    <property name="user.name" value="emumford"/>
    <property name="stdout.encoding" value="UTF-8"/>
    <property name="path.separator" value=":"/>
    <property name="os.version" value="5.15.167.4-microsoft-standard-WSL2"/>
    <property name="java.runtime.name" value="OpenJDK Runtime Environment"/>
    <property name="file.encoding" value="UTF-8"/>
    <property name="java.vm.name" value="OpenJDK 64-Bit Server VM"/>
    <property name="localRepository" value="/home/emumford/.m2/repository"/>
    <property name="java.vendor.url.bug" value="https://bugs.launchpad.net/ubuntu/+source/openjdk-21"/>
    <property name="java.io.tmpdir" value="/tmp"/>
    <property name="java.version" value="21.0.6"/>
    <property name="user.dir" value="/home/emumford/NativeLinuxProjects/Skidbladnir/tests/api-integration"/>
    <property name="os.arch" value="amd64"/>
    <property name="java.vm.specification.name" value="Java Virtual Machine Specification"/>
    <property name="failIfNoTests" value="false"/>
    <property name="native.encoding" value="UTF-8"/>
    <property name="java.library.path" value="/usr/java/packages/lib:/usr/lib/x86_64-linux-gnu/jni:/lib/x86_64-linux-gnu:/usr/lib/x86_64-linux-gnu:/usr/lib/jni:/lib:/usr/lib"/>
    <property name="stderr.encoding" value="UTF-8"/>
    <property name="java.vm.info" value="mixed mode, sharing"/>
    <property name="java.vendor" value="Ubuntu"/>
    <property name="java.vm.version" value="21.0.6+7-Ubuntu-124.04.1"/>
    <property name="sun.io.unicode.encoding" value="UnicodeLittle"/>
    <property name="java.class.version" value="65.0"/>
  </properties>
  <testcase name="[1.1:241] Zephyr provider error handling - Not Found" classname="org/skidbladnir/contracts/provider-error-handling" time="0.854">
    <failure type="org.opentest4j.AssertionFailedError"><![CDATA[org.opentest4j.AssertionFailedError: 
no step-definition method match found for: method <errorConfig.method>
classpath:org/skidbladnir/contracts/provider-error-handling.feature:232
]]></failure>
    <system-err><![CDATA[SLF4J: Failed to load class "org.slf4j.impl.StaticLoggerBinder".
SLF4J: Defaulting to no-operation (NOP) logger implementation
SLF4J: See http://www.slf4j.org/codes.html#StaticLoggerBinder for further details.
]]></system-err>
  </testcase>
  <testcase name="[1.2:242] Zephyr provider error handling - Validation" classname="org/skidbladnir/contracts/provider-error-handling" time="0.02">
    <failure type="org.opentest4j.AssertionFailedError"><![CDATA[org.opentest4j.AssertionFailedError: 
no step-definition method match found for: method <errorConfig.method>
classpath:org/skidbladnir/contracts/provider-error-handling.feature:232
]]></failure>
  </testcase>
  <testcase name="[1.3:243] Zephyr provider error handling - Authentication" classname="org/skidbladnir/contracts/provider-error-handling" time="0.02">
    <failure type="org.opentest4j.AssertionFailedError"><![CDATA[org.opentest4j.AssertionFailedError: 
no step-definition method match found for: method <errorConfig.method>
classpath:org/skidbladnir/contracts/provider-error-handling.feature:232
]]></failure>
  </testcase>
  <testcase name="[1.4:244] Zephyr provider error handling - Authorization" classname="org/skidbladnir/contracts/provider-error-handling" time="0.016">
    <failure type="org.opentest4j.AssertionFailedError"><![CDATA[org.opentest4j.AssertionFailedError: 
no step-definition method match found for: method <errorConfig.method>
classpath:org/skidbladnir/contracts/provider-error-handling.feature:232
]]></failure>
  </testcase>
  <testcase name="[1.5:245] Zephyr provider error handling - Server Error" classname="org/skidbladnir/contracts/provider-error-handling" time="0.013">
    <failure type="org.opentest4j.AssertionFailedError"><![CDATA[org.opentest4j.AssertionFailedError: 
no step-definition method match found for: method <errorConfig.method>
classpath:org/skidbladnir/contracts/provider-error-handling.feature:232
]]></failure>
  </testcase>
  <testcase name="[1.6:246] Zephyr provider error handling - Rate Limit" classname="org/skidbladnir/contracts/provider-error-handling" time="0.015">
    <failure type="org.opentest4j.AssertionFailedError"><![CDATA[org.opentest4j.AssertionFailedError: 
no step-definition method match found for: method <errorConfig.method>
classpath:org/skidbladnir/contracts/provider-error-handling.feature:232
]]></failure>
  </testcase>
  <testcase name="[1.7:247] Zephyr provider error handling - Timeout" classname="org/skidbladnir/contracts/provider-error-handling" time="0.013">
    <failure type="org.opentest4j.AssertionFailedError"><![CDATA[org.opentest4j.AssertionFailedError: 
no step-definition method match found for: method <errorConfig.method>
classpath:org/skidbladnir/contracts/provider-error-handling.feature:232
]]></failure>
  </testcase>
  <testcase name="[1.8:248] Zephyr provider error handling - Conflict" classname="org/skidbladnir/contracts/provider-error-handling" time="0.012">
    <failure type="org.opentest4j.AssertionFailedError"><![CDATA[org.opentest4j.AssertionFailedError: 
no step-definition method match found for: method <errorConfig.method>
classpath:org/skidbladnir/contracts/provider-error-handling.feature:232
]]></failure>
  </testcase>
  <testcase name="[1.9:249] Zephyr provider error handling - Unprocessable Entity" classname="org/skidbladnir/contracts/provider-error-handling" time="0.011">
    <failure type="org.opentest4j.AssertionFailedError"><![CDATA[org.opentest4j.AssertionFailedError: 
no step-definition method match found for: method <errorConfig.method>
classpath:org/skidbladnir/contracts/provider-error-handling.feature:232
]]></failure>
  </testcase>
  <testcase name="[1.10:250] Zephyr provider error handling - Batch Operation Errors" classname="org/skidbladnir/contracts/provider-error-handling" time="0.017">
    <failure type="org.opentest4j.AssertionFailedError"><![CDATA[org.opentest4j.AssertionFailedError: 
no step-definition method match found for: method <errorConfig.method>
classpath:org/skidbladnir/contracts/provider-error-handling.feature:232
]]></failure>
  </testcase>
  <testcase name="[2.1:268] qTest provider error handling - Not Found" classname="org/skidbladnir/contracts/provider-error-handling" time="0.01">
    <failure type="org.opentest4j.AssertionFailedError"><![CDATA[org.opentest4j.AssertionFailedError: 
no step-definition method match found for: method <errorConfig.method>
classpath:org/skidbladnir/contracts/provider-error-handling.feature:259
]]></failure>
  </testcase>
  <testcase name="[2.2:269] qTest provider error handling - Validation" classname="org/skidbladnir/contracts/provider-error-handling" time="0.011">
    <failure type="org.opentest4j.AssertionFailedError"><![CDATA[org.opentest4j.AssertionFailedError: 
no step-definition method match found for: method <errorConfig.method>
classpath:org/skidbladnir/contracts/provider-error-handling.feature:259
]]></failure>
  </testcase>
  <testcase name="[2.3:270] qTest provider error handling - Authentication" classname="org/skidbladnir/contracts/provider-error-handling" time="0.01">
    <failure type="org.opentest4j.AssertionFailedError"><![CDATA[org.opentest4j.AssertionFailedError: 
no step-definition method match found for: method <errorConfig.method>
classpath:org/skidbladnir/contracts/provider-error-handling.feature:259
]]></failure>
  </testcase>
  <testcase name="[2.4:271] qTest provider error handling - Authorization" classname="org/skidbladnir/contracts/provider-error-handling" time="0.01">
    <failure type="org.opentest4j.AssertionFailedError"><![CDATA[org.opentest4j.AssertionFailedError: 
no step-definition method match found for: method <errorConfig.method>
classpath:org/skidbladnir/contracts/provider-error-handling.feature:259
]]></failure>
  </testcase>
  <testcase name="[2.5:272] qTest provider error handling - Server Error" classname="org/skidbladnir/contracts/provider-error-handling" time="0.008">
    <failure type="org.opentest4j.AssertionFailedError"><![CDATA[org.opentest4j.AssertionFailedError: 
no step-definition method match found for: method <errorConfig.method>
classpath:org/skidbladnir/contracts/provider-error-handling.feature:259
]]></failure>
  </testcase>
  <testcase name="[2.6:273] qTest provider error handling - Rate Limit" classname="org/skidbladnir/contracts/provider-error-handling" time="0.009">
    <failure type="org.opentest4j.AssertionFailedError"><![CDATA[org.opentest4j.AssertionFailedError: 
no step-definition method match found for: method <errorConfig.method>
classpath:org/skidbladnir/contracts/provider-error-handling.feature:259
]]></failure>
  </testcase>
  <testcase name="[2.7:274] qTest provider error handling - Timeout" classname="org/skidbladnir/contracts/provider-error-handling" time="0.009">
    <failure type="org.opentest4j.AssertionFailedError"><![CDATA[org.opentest4j.AssertionFailedError: 
no step-definition method match found for: method <errorConfig.method>
classpath:org/skidbladnir/contracts/provider-error-handling.feature:259
]]></failure>
  </testcase>
  <testcase name="[2.8:275] qTest provider error handling - Conflict" classname="org/skidbladnir/contracts/provider-error-handling" time="0.008">
    <failure type="org.opentest4j.AssertionFailedError"><![CDATA[org.opentest4j.AssertionFailedError: 
no step-definition method match found for: method <errorConfig.method>
classpath:org/skidbladnir/contracts/provider-error-handling.feature:259
]]></failure>
  </testcase>
  <testcase name="[2.9:276] qTest provider error handling - Unprocessable Entity" classname="org/skidbladnir/contracts/provider-error-handling" time="0.009">
    <failure type="org.opentest4j.AssertionFailedError"><![CDATA[org.opentest4j.AssertionFailedError: 
no step-definition method match found for: method <errorConfig.method>
classpath:org/skidbladnir/contracts/provider-error-handling.feature:259
]]></failure>
  </testcase>
  <testcase name="[2.10:277] qTest provider error handling - Batch Operation Errors" classname="org/skidbladnir/contracts/provider-error-handling" time="0.008">
    <failure type="org.opentest4j.AssertionFailedError"><![CDATA[org.opentest4j.AssertionFailedError: 
no step-definition method match found for: method <errorConfig.method>
classpath:org/skidbladnir/contracts/provider-error-handling.feature:259
]]></failure>
  </testcase>
  <testcase name="[3:280] Sensitive information is redacted in error responses" classname="org/skidbladnir/contracts/provider-error-handling" time="0.267">
    <failure type="org.opentest4j.AssertionFailedError"><![CDATA[org.opentest4j.AssertionFailedError: 
http call failed after 224 milliseconds for url: http://localhost:8080/api/api/zephyr/auth
org.apache.http.conn.HttpHostConnectException: Connect to localhost:8080 [localhost/127.0.0.1] failed: Connection refused
classpath:org/skidbladnir/contracts/provider-error-handling.feature:284
]]></failure>
  </testcase>
  <testcase name="[4:334] Error responses include operation context information" classname="org/skidbladnir/contracts/provider-error-handling" time="0.03">
    <failure type="org.opentest4j.AssertionFailedError"><![CDATA[org.opentest4j.AssertionFailedError: 
http call failed after 2 milliseconds for url: http://localhost:8080/api/api/zephyr/test-cases/non-existent-id
org.apache.http.conn.HttpHostConnectException: Connect to localhost:8080 [localhost/127.0.0.1] failed: Connection refused
classpath:org/skidbladnir/contracts/provider-error-handling.feature:336
]]></failure>
  </testcase>
  <testcase name="[5:350] Retry mechanism handles transient errors" classname="org/skidbladnir/contracts/provider-error-handling" time="0.009">
    <failure type="org.opentest4j.AssertionFailedError"><![CDATA[org.opentest4j.AssertionFailedError: 
http call failed after 1 milliseconds for url: http://localhost:8080/api/api/zephyr/retry-test
org.apache.http.conn.HttpHostConnectException: Connect to localhost:8080 [localhost/127.0.0.1] failed: Connection refused
classpath:org/skidbladnir/contracts/provider-error-handling.feature:353
]]></failure>
  </testcase>
  <testcase name="[6:365] Rate limiting is handled consistently across providers" classname="org/skidbladnir/contracts/provider-error-handling" time="0.008">
    <failure type="org.opentest4j.AssertionFailedError"><![CDATA[org.opentest4j.AssertionFailedError: 
http call failed after 2 milliseconds for url: http://localhost:8080/api/api/zephyr/rate-limit-test
org.apache.http.conn.HttpHostConnectException: Connect to localhost:8080 [localhost/127.0.0.1] failed: Connection refused
classpath:org/skidbladnir/contracts/provider-error-handling.feature:367
]]></failure>
  </testcase>
  <testcase name="[7:379] Circuit breaker prevents cascading failures" classname="org/skidbladnir/contracts/provider-error-handling" time="0.011">
    <failure type="org.opentest4j.AssertionFailedError"><![CDATA[org.opentest4j.AssertionFailedError: 
http call failed after 2 milliseconds for url: http://localhost:8080/api/api/zephyr/circuit-breaker-test
org.apache.http.conn.HttpHostConnectException: Connect to localhost:8080 [localhost/127.0.0.1] failed: Connection refused
classpath:org/skidbladnir/contracts/provider-error-handling.feature:382
]]></failure>
  </testcase>
  <testcase name="[8:408] Error responses include stack traces in development mode only" classname="org/skidbladnir/contracts/provider-error-handling" time="0.027">
    <failure type="org.opentest4j.AssertionFailedError"><![CDATA[org.opentest4j.AssertionFailedError: 
http call failed after 1 milliseconds for url: http://localhost:8080/api/api/zephyr/simulate-server-error
org.apache.http.conn.HttpHostConnectException: Connect to localhost:8080 [localhost/127.0.0.1] failed: Connection refused
classpath:org/skidbladnir/contracts/provider-error-handling.feature:414
]]></failure>
  </testcase>
  <testcase name="[9:432] Error correlation IDs are maintained across calls" classname="org/skidbladnir/contracts/provider-error-handling" time="0.009">
    <failure type="org.opentest4j.AssertionFailedError"><![CDATA[org.opentest4j.AssertionFailedError: 
http call failed after 2 milliseconds for url: http://localhost:8080/api/api/zephyr/correlated-error
org.apache.http.conn.HttpHostConnectException: Connect to localhost:8080 [localhost/127.0.0.1] failed: Connection refused
classpath:org/skidbladnir/contracts/provider-error-handling.feature:435
]]></failure>
  </testcase>
  <testcase name="[10:449] Batch operations properly handle partial success" classname="org/skidbladnir/contracts/provider-error-handling" time="0.008">
    <failure type="org.opentest4j.AssertionFailedError"><![CDATA[org.opentest4j.AssertionFailedError: 
http call failed after 2 milliseconds for url: http://localhost:8080/api/api/zephyr/test-cases/batch-partial
org.apache.http.conn.HttpHostConnectException: Connect to localhost:8080 [localhost/127.0.0.1] failed: Connection refused
classpath:org/skidbladnir/contracts/provider-error-handling.feature:459
]]></failure>
  </testcase>
  <testcase name="[11:484] Provider-specific error codes are normalized to standard error codes" classname="org/skidbladnir/contracts/provider-error-handling" time="0.008">
    <failure type="org.opentest4j.AssertionFailedError"><![CDATA[org.opentest4j.AssertionFailedError: 
http call failed after 1 milliseconds for url: http://localhost:8080/api/api/zephyr/provider-specific-error
org.apache.http.conn.HttpHostConnectException: Connect to localhost:8080 [localhost/127.0.0.1] failed: Connection refused
classpath:org/skidbladnir/contracts/provider-error-handling.feature:487
]]></failure>
  </testcase>
  <testcase name="[12:513] Fallback mechanism is triggered when primary operation fails" classname="org/skidbladnir/contracts/provider-error-handling" time="1.758">
    <failure type="org.opentest4j.AssertionFailedError"><![CDATA[org.opentest4j.AssertionFailedError: 
http call failed after 1 milliseconds for url: http://localhost:8080/api/api/zephyr/with-fallback
org.apache.http.conn.HttpHostConnectException: Connect to localhost:8080 [localhost/127.0.0.1] failed: Connection refused
classpath:org/skidbladnir/contracts/provider-error-handling.feature:515
]]></failure>
    <system-out><![CDATA[---------------------------------------------------------
feature: classpath:org/skidbladnir/contracts/provider-error-handling.feature
scenarios: 30 | passed:  0 | failed: 30 | time: 0.4754
---------------------------------------------------------

Karate version: 1.4.1
======================================================
elapsed:   3.22 | threads:    1 | thread time: 0.48 
features:     1 | skipped:    0 | efficiency: 0.15
scenarios:   30 | passed:     0 | failed: 30
======================================================
>>> failed features:
no step-definition method match found for: method <errorConfig.method>
classpath:org/skidbladnir/contracts/provider-error-handling.feature:232
no step-definition method match found for: method <errorConfig.method>
classpath:org/skidbladnir/contracts/provider-error-handling.feature:232
no step-definition method match found for: method <errorConfig.method>
classpath:org/skidbladnir/contracts/provider-error-handling.feature:232
no step-definition method match found for: method <errorConfig.method>
classpath:org/skidbladnir/contracts/provider-error-handling.feature:232
no step-definition method match found for: method <errorConfig.method>
classpath:org/skidbladnir/contracts/provider-error-handling.feature:232
no step-definition method match found for: method <errorConfig.method>
classpath:org/skidbladnir/contracts/provider-error-handling.feature:232
no step-definition method match found for: method <errorConfig.method>
classpath:org/skidbladnir/contracts/provider-error-handling.feature:232
no step-definition method match found for: method <errorConfig.method>
classpath:org/skidbladnir/contracts/provider-error-handling.feature:232
no step-definition method match found for: method <errorConfig.method>
classpath:org/skidbladnir/contracts/provider-error-handling.feature:232
no step-definition method match found for: method <errorConfig.method>
classpath:org/skidbladnir/contracts/provider-error-handling.feature:232
no step-definition method match found for: method <errorConfig.method>
classpath:org/skidbladnir/contracts/provider-error-handling.feature:259
no step-definition method match found for: method <errorConfig.method>
classpath:org/skidbladnir/contracts/provider-error-handling.feature:259
no step-definition method match found for: method <errorConfig.method>
classpath:org/skidbladnir/contracts/provider-error-handling.feature:259
no step-definition method match found for: method <errorConfig.method>
classpath:org/skidbladnir/contracts/provider-error-handling.feature:259
no step-definition method match found for: method <errorConfig.method>
classpath:org/skidbladnir/contracts/provider-error-handling.feature:259
no step-definition method match found for: method <errorConfig.method>
classpath:org/skidbladnir/contracts/provider-error-handling.feature:259
no step-definition method match found for: method <errorConfig.method>
classpath:org/skidbladnir/contracts/provider-error-handling.feature:259
no step-definition method match found for: method <errorConfig.method>
classpath:org/skidbladnir/contracts/provider-error-handling.feature:259
no step-definition method match found for: method <errorConfig.method>
classpath:org/skidbladnir/contracts/provider-error-handling.feature:259
no step-definition method match found for: method <errorConfig.method>
classpath:org/skidbladnir/contracts/provider-error-handling.feature:259
http call failed after 224 milliseconds for url: http://localhost:8080/api/api/zephyr/auth
org.apache.http.conn.HttpHostConnectException: Connect to localhost:8080 [localhost/127.0.0.1] failed: Connection refused
classpath:org/skidbladnir/contracts/provider-error-handling.feature:284
http call failed after 2 milliseconds for url: http://localhost:8080/api/api/zephyr/test-cases/non-existent-id
org.apache.http.conn.HttpHostConnectException: Connect to localhost:8080 [localhost/127.0.0.1] failed: Connection refused
classpath:org/skidbladnir/contracts/provider-error-handling.feature:336
http call failed after 1 milliseconds for url: http://localhost:8080/api/api/zephyr/retry-test
org.apache.http.conn.HttpHostConnectException: Connect to localhost:8080 [localhost/127.0.0.1] failed: Connection refused
classpath:org/skidbladnir/contracts/provider-error-handling.feature:353
http call failed after 2 milliseconds for url: http://localhost:8080/api/api/zephyr/rate-limit-test
org.apache.http.conn.HttpHostConnectException: Connect to localhost:8080 [localhost/127.0.0.1] failed: Connection refused
classpath:org/skidbladnir/contracts/provider-error-handling.feature:367
http call failed after 2 milliseconds for url: http://localhost:8080/api/api/zephyr/circuit-breaker-test
org.apache.http.conn.HttpHostConnectException: Connect to localhost:8080 [localhost/127.0.0.1] failed: Connection refused
classpath:org/skidbladnir/contracts/provider-error-handling.feature:382
http call failed after 1 milliseconds for url: http://localhost:8080/api/api/zephyr/simulate-server-error
org.apache.http.conn.HttpHostConnectException: Connect to localhost:8080 [localhost/127.0.0.1] failed: Connection refused
classpath:org/skidbladnir/contracts/provider-error-handling.feature:414
http call failed after 2 milliseconds for url: http://localhost:8080/api/api/zephyr/correlated-error
org.apache.http.conn.HttpHostConnectException: Connect to localhost:8080 [localhost/127.0.0.1] failed: Connection refused
classpath:org/skidbladnir/contracts/provider-error-handling.feature:435
http call failed after 2 milliseconds for url: http://localhost:8080/api/api/zephyr/test-cases/batch-partial
org.apache.http.conn.HttpHostConnectException: Connect to localhost:8080 [localhost/127.0.0.1] failed: Connection refused
classpath:org/skidbladnir/contracts/provider-error-handling.feature:459
http call failed after 1 milliseconds for url: http://localhost:8080/api/api/zephyr/provider-specific-error
org.apache.http.conn.HttpHostConnectException: Connect to localhost:8080 [localhost/127.0.0.1] failed: Connection refused
classpath:org/skidbladnir/contracts/provider-error-handling.feature:487
http call failed after 1 milliseconds for url: http://localhost:8080/api/api/zephyr/with-fallback
org.apache.http.conn.HttpHostConnectException: Connect to localhost:8080 [localhost/127.0.0.1] failed: Connection refused
classpath:org/skidbladnir/contracts/provider-error-handling.feature:515
<<<

HTML report: (paste into browser to view) | Karate version: 1.4.1
file:///home/emumford/NativeLinuxProjects/Skidbladnir/tests/api-integration/target/karate-reports/karate-summary.html
===================================================================

]]></system-out>
  </testcase>
</testsuite>